quorvo_mdek1001_app/android-dialogs/build/intermediates/manifest_merge_blame_file/debug/manifest-merger-blame-debug-report.txt
1<?xml version="1.0" encoding="utf-8"?>
2<!--
3  ~ Copyright 2017, Pavel Kryl
4  ~
5  ~ Licensed under the Apache License, Version 2.0 (the "License");
6  ~ you may not use this file except in compliance with the License.
7  ~ You may obtain a copy of the License at
8  ~
9  ~     http://www.apache.org/licenses/LICENSE-2.0
10  ~
11  ~ Unless required by applicable law or agreed to in writing, software
12  ~ distributed under the License is distributed on an "AS IS" BASIS,
13  ~ WITHOUT WARRANTIES OR CONDITIONS OF ANY KIND, either express or implied.
14  ~ See the License for the specific language governing permissions and
15  ~ limitations under the License.
16-->
17<manifest xmlns:android="http://schemas.android.com/apk/res/android"
18    package="eu.kryl.appcompat.dialogs"
19    android:versionCode="1"
20    android:versionName="1.0" >
21
22    <uses-sdk
22-->src\main\AndroidManifest.xml:23:5-25:41
23        android:minSdkVersion="24"
23-->src\main\AndroidManifest.xml:24:9-34
24        android:targetSdkVersion="33" />
24-->src\main\AndroidManifest.xml:25:9-38
25
26    <application
26-->src\main\AndroidManifest.xml:27:5-31:19
27        android:allowBackup="false"
27-->src\main\AndroidManifest.xml:28:9-36
28        android:label="@string/app_name" >
28-->src\main\AndroidManifest.xml:29:9-41
29    </application>
30
31</manifest>